
> nx run web2:serve --port 4200

   [1m[38;2;173;127;168m▲ Next.js 15.2.5[39m[22m
   - Local:        http://localhost:4200
   - Network:      http://192.168.1.17:4200
 [32m[1m✓[22m[39m Starting...
NX: Next.js SVGR support is deprecated. If used with turbopack, it may not work as expected and is not recommended. Please configure SVGR manually.
NX: Next.js SVGR support is deprecated. If used with turbopack, it may not work as expected and is not recommended. Please configure SVGR manually.
NX: Next.js SVGR support is deprecated. If used with turbopack, it may not work as expected and is not recommended. Please configure SVGR manually.
 [32m[1m✓[22m[39m Ready in 1231ms
 [37m[1m○[22m[39m Compiling / ...
 [32m[1m✓[22m[39m Compiled / in 5.6s (4543 modules)
 [31m[1m⨯[22m[39m Error: supabaseUrl is required.
    at eval (../libs/data-access/dashboardApi.ts:38:37)
    at (ssr)/../libs/data-access/dashboardApi.ts (.next/server/app/page.js:108:1)
    at __webpack_require__ (.next/server/webpack-runtime.js:33:43)
    at eval (webpack-internal:///(ssr)/../libs/hooks/useDashboardData.ts:5:83)
    at (ssr)/../libs/hooks/useDashboardData.ts (.next/server/app/page.js:141:1)
    at __webpack_require__ (.next/server/webpack-runtime.js:33:43)
    at eval (webpack-internal:///(ssr)/../libs/ui/ReportingDashboard.tsx:10:81)
    at (ssr)/../libs/ui/ReportingDashboard.tsx (.next/server/app/page.js:207:1)
    at __webpack_require__ (.next/server/webpack-runtime.js:33:43)
    at eval (webpack-internal:///(ssr)/../libs/ui/index.ts:10:77)
    at (ssr)/../libs/ui/index.ts (.next/server/app/page.js:295:1)
    at __webpack_require__ (.next/server/webpack-runtime.js:33:43)
    at eval (webpack-internal:///(ssr)/./src/app/page.tsx:10:66)
    at (ssr)/./src/app/page.tsx (.next/server/app/page.js:354:1)
    at Object.__webpack_require__ [as require] (.next/server/webpack-runtime.js:33:43)
    at JSON.parse (<anonymous>)
[0m [90m 36 |[39m [36mconst[39m supabaseUrl [33m=[39m process[33m.[39menv[33m.[39m[33mNX_PUBLIC_SUPABASE_URL[39m [33m||[39m [32m''[39m[33m;[39m[0m
[0m [90m 37 |[39m [36mconst[39m supabaseAnonKey [33m=[39m process[33m.[39menv[33m.[39m[33mNX_PUBLIC_SUPABASE_ANON_KEY[39m [33m||[39m [32m''[39m[33m;[39m[0m
[0m[31m[1m>[22m[39m[90m 38 |[39m [36mexport[39m [36mconst[39m supabase [33m=[39m createClient(supabaseUrl[33m,[39m supabaseAnonKey)[33m;[39m[0m
[0m [90m    |[39m                                     [31m[1m^[22m[39m[0m
[0m [90m 39 |[39m[0m
[0m [90m 40 |[39m [90m// Fetch compliance reports[39m[0m
[0m [90m 41 |[39m [36mexport[39m [36mfunction[39m useComplianceReports() {[0m {
  digest: [32m'3426095529'[39m
}
 GET / [31m500[39m in 5998ms
 [31m[1m⨯[22m[39m Error: supabaseUrl is required.
    at eval (../libs/data-access/dashboardApi.ts:38:37)
    at (ssr)/../libs/data-access/dashboardApi.ts (.next/server/app/page.js:108:1)
    at __webpack_require__ (.next/server/webpack-runtime.js:33:43)
    at eval (webpack-internal:///(ssr)/../libs/hooks/useDashboardData.ts:5:83)
    at (ssr)/../libs/hooks/useDashboardData.ts (.next/server/app/page.js:141:1)
    at __webpack_require__ (.next/server/webpack-runtime.js:33:43)
    at eval (webpack-internal:///(ssr)/../libs/ui/ReportingDashboard.tsx:10:81)
    at (ssr)/../libs/ui/ReportingDashboard.tsx (.next/server/app/page.js:207:1)
    at __webpack_require__ (.next/server/webpack-runtime.js:33:43)
    at eval (webpack-internal:///(ssr)/../libs/ui/index.ts:10:77)
    at (ssr)/../libs/ui/index.ts (.next/server/app/page.js:295:1)
    at __webpack_require__ (.next/server/webpack-runtime.js:33:43)
    at eval (webpack-internal:///(ssr)/./src/app/page.tsx:10:66)
    at (ssr)/./src/app/page.tsx (.next/server/app/page.js:354:1)
    at Object.__webpack_require__ [as require] (.next/server/webpack-runtime.js:33:43)
    at JSON.parse (<anonymous>)
[0m [90m 36 |[39m [36mconst[39m supabaseUrl [33m=[39m process[33m.[39menv[33m.[39m[33mNX_PUBLIC_SUPABASE_URL[39m [33m||[39m [32m''[39m[33m;[39m[0m
[0m [90m 37 |[39m [36mconst[39m supabaseAnonKey [33m=[39m process[33m.[39menv[33m.[39m[33mNX_PUBLIC_SUPABASE_ANON_KEY[39m [33m||[39m [32m''[39m[33m;[39m[0m
[0m[31m[1m>[22m[39m[90m 38 |[39m [36mexport[39m [36mconst[39m supabase [33m=[39m createClient(supabaseUrl[33m,[39m supabaseAnonKey)[33m;[39m[0m
[0m [90m    |[39m                                     [31m[1m^[22m[39m[0m
[0m [90m 39 |[39m[0m
[0m [90m 40 |[39m [90m// Fetch compliance reports[39m[0m
[0m [90m 41 |[39m [36mexport[39m [36mfunction[39m useComplianceReports() {[0m {
  digest: [32m'3426095529'[39m
}
 GET / [31m500[39m in 156ms
 [32m[1m✓[22m[39m Compiled in 251ms (2213 modules)
 [32m[1m✓[22m[39m Compiled in 111ms (2213 modules)
 [32m[1m✓[22m[39m Compiled in 117ms (2213 modules)
 [32m[1m✓[22m[39m Compiled in 226ms (2213 modules)
[?25h



 NX   Successfully ran target serve for project web2


View logs and run details at https://nx.app/runs/jdRwKVFQva

